Copyright 1986-2016 Xilinx, Inc. All Rights Reserved.
------------------------------------------------------------------------------------
| Tool Version : Vivado v.2016.3 (win64) Build 1682563 Mon Oct 10 19:07:27 MDT 2016
| Date         : Mon Sep 18 12:25:00 2017
| Host         : vldmr-PC running 64-bit Service Pack 1  (build 7601)
| Command      : upgrade_ip
| Device       : xc7k325tffg676-1
------------------------------------------------------------------------------------

Upgrade Log for IP 'vio_0'

1. Summary
----------

SUCCESS in the update of vio_0 (xilinx.com:ip:vio:3.0 (Rev. 13)) to current project options.






Copyright 1986-2016 Xilinx, Inc. All Rights Reserved.
------------------------------------------------------------------------------------
| Tool Version : Vivado v.2016.3 (win64) Build 1682563 Mon Oct 10 19:07:27 MDT 2016
| Date         : Mon Sep 18 12:24:57 2017
| Host         : vldmr-PC running 64-bit Service Pack 1  (build 7601)
| Command      : upgrade_ip
| Device       : xc7k325tffg676-1
------------------------------------------------------------------------------------

Upgrade Log for IP 'srio_gen2_0'

1. Summary
----------

SUCCESS in the update of srio_gen2_0 (xilinx.com:ip:srio_gen2:4.0 (Rev. 5)) to current project options.






Copyright 1986-2016 Xilinx, Inc. All Rights Reserved.
------------------------------------------------------------------------------------
| Tool Version : Vivado v.2016.3 (win64) Build 1682563 Mon Oct 10 19:07:27 MDT 2016
| Date         : Mon Sep 18 12:24:52 2017
| Host         : vldmr-PC running 64-bit Service Pack 1  (build 7601)
| Command      : upgrade_ip
| Device       : xc7k325tffg676-1
------------------------------------------------------------------------------------

Upgrade Log for IP 'ila_0'

1. Summary
----------

SUCCESS in the update of ila_0 (xilinx.com:ip:ila:6.2) to current project options.






Copyright 1986-2016 Xilinx, Inc. All Rights Reserved.
------------------------------------------------------------------------------------
| Tool Version : Vivado v.2016.3 (win64) Build 1682563 Mon Oct 10 19:07:27 MDT 2016
| Date         : Mon Sep 18 12:03:04 2017
| Host         : PC4719 running 64-bit Service Pack 1  (build 7601)
| Command      : upgrade_ip
| Device       : xc7k160tffg676-2
------------------------------------------------------------------------------------

Upgrade Log for IP 'vio_0'

1. Summary
----------

SUCCESS in the update of vio_0 (xilinx.com:ip:vio:3.0 (Rev. 13)) to current project options.






Copyright 1986-2016 Xilinx, Inc. All Rights Reserved.
------------------------------------------------------------------------------------
| Tool Version : Vivado v.2016.3 (win64) Build 1682563 Mon Oct 10 19:07:27 MDT 2016
| Date         : Mon Sep 18 12:03:02 2017
| Host         : PC4719 running 64-bit Service Pack 1  (build 7601)
| Command      : upgrade_ip
| Device       : xc7k160tffg676-2
------------------------------------------------------------------------------------

Upgrade Log for IP 'srio_gen2_0'

1. Summary
----------

SUCCESS in the update of srio_gen2_0 (xilinx.com:ip:srio_gen2:4.0 (Rev. 5)) to current project options.






Copyright 1986-2016 Xilinx, Inc. All Rights Reserved.
------------------------------------------------------------------------------------
| Tool Version : Vivado v.2016.3 (win64) Build 1682563 Mon Oct 10 19:07:27 MDT 2016
| Date         : Mon Sep 18 12:02:58 2017
| Host         : PC4719 running 64-bit Service Pack 1  (build 7601)
| Command      : upgrade_ip
| Device       : xc7k160tffg676-2
------------------------------------------------------------------------------------

Upgrade Log for IP 'ila_0'

1. Summary
----------

SUCCESS in the update of ila_0 (xilinx.com:ip:ila:6.2) to current project options.

